\BOOKMARK [1][-]{section.1}{Introduction}{}% 1
\BOOKMARK [2][-]{subsection.1.1}{Revision History}{section.1}% 2
\BOOKMARK [2][-]{subsection.1.2}{Purpose and Scope}{section.1}% 3
\BOOKMARK [2][-]{subsection.1.3}{Definitions and Abbreviations}{section.1}% 4
\BOOKMARK [2][-]{subsection.1.4}{Reference Documents}{section.1}% 5
\BOOKMARK [1][-]{section.2}{Integration Strategy}{}% 6
\BOOKMARK [2][-]{subsection.2.1}{Entry Criteria}{section.2}% 7
\BOOKMARK [2][-]{subsection.2.2}{Elements to be Integrated}{section.2}% 8
\BOOKMARK [2][-]{subsection.2.3}{Integration Testing Strategy}{section.2}% 9
\BOOKMARK [2][-]{subsection.2.4}{Sequence of Component/Function Integration}{section.2}% 10
\BOOKMARK [3][-]{subsubsection.2.4.1}{Software Integration Sequence}{subsection.2.4}% 11
\BOOKMARK [3][-]{subsubsection.2.4.2}{Subsystem Integration Sequence}{subsection.2.4}% 12
\BOOKMARK [1][-]{section.3}{Individual Steps and Test Description}{}% 13
\BOOKMARK [2][-]{subsection.3.1}{Location Helper}{section.3}% 14
\BOOKMARK [2][-]{subsection.3.2}{Email Helper}{section.3}% 15
\BOOKMARK [2][-]{subsection.3.3}{Chat Service}{section.3}% 16
\BOOKMARK [2][-]{subsection.3.4}{Car Controller}{section.3}% 17
\BOOKMARK [2][-]{subsection.3.5}{Payment Controller}{section.3}% 18
\BOOKMARK [2][-]{subsection.3.6}{Ride Controller}{section.3}% 19
\BOOKMARK [2][-]{subsection.3.7}{Reservation Controller}{section.3}% 20
\BOOKMARK [2][-]{subsection.3.8}{User Report Controller}{section.3}% 21
\BOOKMARK [2][-]{subsection.3.9}{User Controller}{section.3}% 22
\BOOKMARK [2][-]{subsection.3.10}{CRM Controller}{section.3}% 23
\BOOKMARK [2][-]{subsection.3.11}{User Component}{section.3}% 24
\BOOKMARK [2][-]{subsection.3.12}{CRM Component}{section.3}% 25
\BOOKMARK [2][-]{subsection.3.13}{Car Component}{section.3}% 26
\BOOKMARK [1][-]{section.4}{Performance Analysis}{}% 27
\BOOKMARK [1][-]{section.5}{Required Tools and Test Equipment}{}% 28
\BOOKMARK [2][-]{subsection.5.1}{Tools}{section.5}% 29
\BOOKMARK [2][-]{subsection.5.2}{Test Equipment}{section.5}% 30
\BOOKMARK [1][-]{section.6}{Required Program Stubs and Test Data}{}% 31
\BOOKMARK [2][-]{subsection.6.1}{Program Stubs and Drivers}{section.6}% 32
\BOOKMARK [2][-]{subsection.6.2}{Test Data}{section.6}% 33
\BOOKMARK [1][-]{section.7}{Effort Spent}{}% 34
\BOOKMARK [1][-]{section.8}{Changelog}{}% 35
