\BOOKMARK [1][-]{section.1}{Introduction}{}% 1
\BOOKMARK [2][-]{subsection.1.1}{Revision History}{section.1}% 2
\BOOKMARK [2][-]{subsection.1.2}{Purpose and Scope}{section.1}% 3
\BOOKMARK [2][-]{subsection.1.3}{Definitions and Abbreviations}{section.1}% 4
\BOOKMARK [2][-]{subsection.1.4}{Reference Documents}{section.1}% 5
\BOOKMARK [1][-]{section.2}{Project Size, Cost and Effort Estimation}{}% 6
\BOOKMARK [2][-]{subsection.2.1}{Size Estimation: Function Points}{section.2}% 7
\BOOKMARK [3][-]{subsubsection.2.1.1}{Internal Logic Files \(ILF\)}{subsection.2.1}% 8
\BOOKMARK [3][-]{subsubsection.2.1.2}{External Interface Files \(EIF\)}{subsection.2.1}% 9
\BOOKMARK [3][-]{subsubsection.2.1.3}{External Inputs \(EI\)}{subsection.2.1}% 10
\BOOKMARK [3][-]{subsubsection.2.1.4}{External Outputs \(EO\)}{subsection.2.1}% 11
\BOOKMARK [3][-]{subsubsection.2.1.5}{External Inquiries \(EQ\)}{subsection.2.1}% 12
\BOOKMARK [3][-]{subsubsection.2.1.6}{Overall Estimation}{subsection.2.1}% 13
\BOOKMARK [2][-]{subsection.2.2}{Cost and Effort Estimation: COCOMO II}{section.2}% 14
\BOOKMARK [3][-]{subsubsection.2.2.1}{Scale Drivers}{subsection.2.2}% 15
\BOOKMARK [3][-]{subsubsection.2.2.2}{Cost Drivers}{subsection.2.2}% 16
\BOOKMARK [3][-]{subsubsection.2.2.3}{Effort Equation}{subsection.2.2}% 17
\BOOKMARK [3][-]{subsubsection.2.2.4}{Schedule Estimation}{subsection.2.2}% 18
\BOOKMARK [1][-]{section.3}{Project Plan Schedule}{}% 19
\BOOKMARK [1][-]{section.4}{Resource Allocation}{}% 20
\BOOKMARK [1][-]{section.5}{Risk Management}{}% 21
\BOOKMARK [1][-]{section.6}{Effort Spent}{}% 22
\BOOKMARK [1][-]{section.7}{Changelog}{}% 23
