\BOOKMARK [1][-]{section.1}{Introduction}{}% 1
\BOOKMARK [2][-]{subsection.1.1}{Purpose}{section.1}% 2
\BOOKMARK [2][-]{subsection.1.2}{Scope}{section.1}% 3
\BOOKMARK [2][-]{subsection.1.3}{Glossary: Definitions, Acronyms, Abbreviations}{section.1}% 4
\BOOKMARK [2][-]{subsection.1.4}{Reference Documents}{section.1}% 5
\BOOKMARK [2][-]{subsection.1.5}{Document Structure}{section.1}% 6
\BOOKMARK [1][-]{section.2}{Architectural Design}{}% 7
\BOOKMARK [2][-]{subsection.2.1}{Overview}{section.2}% 8
\BOOKMARK [2][-]{subsection.2.2}{High level components and their interaction}{section.2}% 9
\BOOKMARK [2][-]{subsection.2.3}{Component View}{section.2}% 10
\BOOKMARK [3][-]{subsubsection.2.3.1}{User Component}{subsection.2.3}% 11
\BOOKMARK [3][-]{subsubsection.2.3.2}{CRM Component}{subsection.2.3}% 12
\BOOKMARK [3][-]{subsubsection.2.3.3}{Car Component}{subsection.2.3}% 13
\BOOKMARK [3][-]{subsubsection.2.3.4}{Reservation Controller}{subsection.2.3}% 14
\BOOKMARK [3][-]{subsubsection.2.3.5}{Ride Controller}{subsection.2.3}% 15
\BOOKMARK [3][-]{subsubsection.2.3.6}{Payment Controller}{subsection.2.3}% 16
\BOOKMARK [3][-]{subsubsection.2.3.7}{User Report Controller}{subsection.2.3}% 17
\BOOKMARK [3][-]{subsubsection.2.3.8}{Session Manager}{subsection.2.3}% 18
\BOOKMARK [3][-]{subsubsection.2.3.9}{Car Controller}{subsection.2.3}% 19
\BOOKMARK [3][-]{subsubsection.2.3.10}{Location Helper}{subsection.2.3}% 20
\BOOKMARK [3][-]{subsubsection.2.3.11}{Chat Service}{subsection.2.3}% 21
\BOOKMARK [3][-]{subsubsection.2.3.12}{Email Helper}{subsection.2.3}% 22
\BOOKMARK [3][-]{subsubsection.2.3.13}{DBMS}{subsection.2.3}% 23
\BOOKMARK [2][-]{subsection.2.4}{Deployment View}{section.2}% 24
\BOOKMARK [2][-]{subsection.2.5}{Runtime View}{section.2}% 25
\BOOKMARK [2][-]{subsection.2.6}{Component Interfaces}{section.2}% 26
\BOOKMARK [2][-]{subsection.2.7}{Selected Architectural Styles and Patterns}{section.2}% 27
\BOOKMARK [2][-]{subsection.2.8}{Other Design Decisions}{section.2}% 28
\BOOKMARK [1][-]{section.3}{Algorithm Design}{}% 29
\BOOKMARK [1][-]{section.4}{User Interface Design}{}% 30
\BOOKMARK [1][-]{section.5}{Requirements Traceability}{}% 31
\BOOKMARK [1][-]{section.6}{Effort Spent}{}% 32
\BOOKMARK [1][-]{section.7}{References}{}% 33
\BOOKMARK [1][-]{section.8}{Used Tools}{}% 34
\BOOKMARK [1][-]{section.9}{Changelog}{}% 35
